build/app/outputs/mapping/release/mapping.txt
# compiler: R8
# compiler_version: 1.5.64
# min_api: 16
# pg_map_id: 9063488
...
com.google.protobuf.Utf8$UnsafeProcessor -> b.b.g.l0$d:
    int encodeUtf8(java.lang.CharSequence,byte[],int,int) -> a
    boolean isAvailable() -> a
    int partialIsValidUtf8(int,byte[],int,int) -> a
    int partialIsValidUtf8(byte[],long,int) -> a
    int unsafeIncompleteStateFor(byte[],int,long,int) -> a
    int unsafeEstimateConsecutiveAscii(byte[],long,int) -> b
com.google.protobuf.WireFormat -> b.b.g.m0:
    int getTagFieldNumber(int) -> a
    int makeTag(int,int) -> a
    java.lang.Object readPrimitiveField(com.google.protobuf.CodedInputStream,com.google.protobuf.WireFormat$FieldType,com.google.protobuf.WireFormat$Utf8Validation) -> a
    int getTagWireType(int) -> b
com.google.protobuf.WireFormat$1 -> b.b.g.m0$a:
    int[] $SwitchMap$com$google$protobuf$WireFormat$FieldType -> a
com.google.protobuf.WireFormat$FieldType -> b.b.g.m0$b:
    com.google.protobuf.WireFormat$FieldType FIXED32 -> j
    com.google.protobuf.WireFormat$FieldType BOOL -> k
    com.google.protobuf.WireFormat$FieldType INT32 -> h
    com.google.protobuf.WireFormat$FieldType FIXED64 -> i
    com.google.protobuf.WireFormat$FieldType[] $VALUES -> v
    com.google.protobuf.WireFormat$FieldType MESSAGE -> n
    com.google.protobuf.WireFormat$FieldType BYTES -> o
    com.google.protobuf.WireFormat$FieldType STRING -> l
    com.google.protobuf.WireFormat$FieldType GROUP -> m
    com.google.protobuf.WireFormat$FieldType SFIXED32 -> r
    com.google.protobuf.WireFormat$FieldType SFIXED64 -> s
    com.google.protobuf.WireFormat$FieldType UINT32 -> p
    com.google.protobuf.WireFormat$FieldType ENUM -> q
    com.google.protobuf.WireFormat$JavaType javaType -> b
    int wireType -> c
    com.google.protobuf.WireFormat$FieldType SINT32 -> t
    com.google.protobuf.WireFormat$FieldType SINT64 -> u
    com.google.protobuf.WireFormat$FieldType INT64 -> f
    com.google.protobuf.WireFormat$FieldType UINT64 -> g
    com.google.protobuf.WireFormat$FieldType DOUBLE -> d
    com.google.protobuf.WireFormat$FieldType FLOAT -> e
    com.google.protobuf.WireFormat$JavaType getJavaType() -> a
    int getWireType() -> b
com.google.protobuf.WireFormat$FieldType$1 -> b.b.g.m0$b$a:
com.google.protobuf.WireFormat$FieldType$2 -> b.b.g.m0$b$b:
com.google.protobuf.WireFormat$FieldType$3 -> b.b.g.m0$b$c:
com.google.protobuf.WireFormat$FieldType$4 -> b.b.g.m0$b$d:
com.google.protobuf.WireFormat$JavaType -> b.b.g.m0$c:
    com.google.protobuf.WireFormat$JavaType MESSAGE -> j
    com.google.protobuf.WireFormat$JavaType BOOLEAN -> f
    com.google.protobuf.WireFormat$JavaType[] $VALUES -> k
    com.google.protobuf.WireFormat$JavaType STRING -> g
    com.google.protobuf.WireFormat$JavaType BYTE_STRING -> h
    com.google.protobuf.WireFormat$JavaType ENUM -> i
    com.google.protobuf.WireFormat$JavaType INT -> b
    com.google.protobuf.WireFormat$JavaType LONG -> c
    com.google.protobuf.WireFormat$JavaType FLOAT -> d
    com.google.protobuf.WireFormat$JavaType DOUBLE -> e
com.google.protobuf.WireFormat$Utf8Validation -> b.b.g.m0$d:
    com.google.protobuf.WireFormat$Utf8Validation LAZY -> d
    com.google.protobuf.WireFormat$Utf8Validation STRICT -> c
    com.google.protobuf.WireFormat$Utf8Validation LOOSE -> b
    com.google.protobuf.WireFormat$Utf8Validation[] $VALUES -> e
    java.lang.Object readString(com.google.protobuf.CodedInputStream) -> a
com.google.protobuf.WireFormat$Utf8Validation$1 -> b.b.g.m0$d$a:
    java.lang.Object readString(com.google.protobuf.CodedInputStream) -> a
com.google.protobuf.WireFormat$Utf8Validation$2 -> b.b.g.m0$d$b:
    java.lang.Object readString(com.google.protobuf.CodedInputStream) -> a
com.google.protobuf.WireFormat$Utf8Validation$3 -> b.b.g.m0$d$c:
    java.lang.Object readString(com.google.protobuf.CodedInputStream) -> a